# JRE version: OpenJDK Runtime Environment (21.0.5) (build 21.0.5+-13047016-b750.29)
# Java VM: OpenJDK 64-Bit Server VM (21.0.5+-13047016-b750.29, mixed mode, tiered, compressed oops, compressed class ptrs, g1 gc, windows-amd64)
GC Precious Log:
 CardTable entry size: 512
 Card Set container configuration: InlinePtr #cards 5 size 8 Array Of Cards #cards 12 size 40 Howl #buckets 4 coarsen threshold 1843 Howl Bitmap #cards 512 size 80 coarsen threshold 460 Card regions per heap region 1 cards per card region 2048
 CPUs: 12 total, 12 available
 Memory: 16145M
 Large Page Support: Disabled
 NUMA Support: Disabled
 Compressed Oops: Enabled (32-bit)
 Heap Region Size: 1M
 Heap Min Capacity: 8M
 Heap Initial Capacity: 254M
 Heap Max Capacity: 2G
 Pre-touch: Disabled
 Parallel Workers: 10
 Concurrent Workers: 3
 Concurrent Refinement Workers: 10
 Periodic GC: Disabled
Heap:
 garbage-first heap   total 112640K, used 48548K [0x0000000080000000, 0x0000000100000000)
  region size 1024K, 15 young (15360K), 7 survivors (7168K)
 Metaspace       used 59441K, committed 60928K, reserved 1114112K
  class space    used 8033K, committed 8768K, reserved 1048576K
GC Heap History (20 events):
Event: 6.391 GC heap before
{Heap before GC invocations=1 (full 0):
 garbage-first heap   total 260096K, used 40229K [0x0000000080000000, 0x0000000100000000)
  region size 1024K, 37 young (37888K), 3 survivors (3072K)
 Metaspace       used 12150K, committed 12352K, reserved 1114112K
  class space    used 1275K, committed 1408K, reserved 1048576K
}
Event: 6.394 GC heap after
{Heap after GC invocations=2 (full 0):
 garbage-first heap   total 260096K, used 11319K [0x0000000080000000, 0x0000000100000000)
  region size 1024K, 5 young (5120K), 5 survivors (5120K)
 Metaspace       used 12150K, committed 12352K, reserved 1114112K
  class space    used 1275K, committed 1408K, reserved 1048576K
}
Event: 7.815 GC heap before
{Heap before GC invocations=2 (full 0):
 garbage-first heap   total 260096K, used 61495K [0x0000000080000000, 0x0000000100000000)
  region size 1024K, 52 young (53248K), 5 survivors (5120K)
 Metaspace       used 14264K, committed 14464K, reserved 1114112K
  class space    used 1558K, committed 1664K, reserved 1048576K
}
Event: 7.820 GC heap after
{Heap after GC invocations=3 (full 0):
 garbage-first heap   total 260096K, used 18063K [0x0000000080000000, 0x0000000100000000)
  region size 1024K, 6 young (6144K), 6 survivors (6144K)
 Metaspace       used 14264K, committed 14464K, reserved 1114112K
  class space    used 1558K, committed 1664K, reserved 1048576K
}
Event: 8.270 GC heap before
{Heap before GC invocations=3 (full 0):
 garbage-first heap   total 260096K, used 42639K [0x0000000080000000, 0x0000000100000000)
  region size 1024K, 31 young (31744K), 6 survivors (6144K)
 Metaspace       used 21194K, committed 21504K, reserved 1114112K
  class space    used 2439K, committed 2624K, reserved 1048576K
}
Event: 8.273 GC heap after
{Heap after GC invocations=4 (full 0):
 garbage-first heap   total 260096K, used 20826K [0x0000000080000000, 0x0000000100000000)
  region size 1024K, 9 young (9216K), 9 survivors (9216K)
 Metaspace       used 21194K, committed 21504K, reserved 1114112K
  class space    used 2439K, committed 2624K, reserved 1048576K
}
Event: 8.958 GC heap before
{Heap before GC invocations=5 (full 0):
 garbage-first heap   total 75776K, used 73050K [0x0000000080000000, 0x0000000100000000)
  region size 1024K, 61 young (62464K), 9 survivors (9216K)
 Metaspace       used 29631K, committed 30336K, reserved 1114112K
  class space    used 3802K, committed 4160K, reserved 1048576K
}
Event: 8.963 GC heap after
{Heap after GC invocations=6 (full 0):
 garbage-first heap   total 88064K, used 24130K [0x0000000080000000, 0x0000000100000000)
  region size 1024K, 12 young (12288K), 12 survivors (12288K)
 Metaspace       used 29631K, committed 30336K, reserved 1114112K
  class space    used 3802K, committed 4160K, reserved 1048576K
}
Event: 9.425 GC heap before
{Heap before GC invocations=6 (full 0):
 garbage-first heap   total 88064K, used 64066K [0x0000000080000000, 0x0000000100000000)
  region size 1024K, 51 young (52224K), 12 survivors (12288K)
 Metaspace       used 34984K, committed 35904K, reserved 1114112K
  class space    used 4672K, committed 5120K, reserved 1048576K
}
Event: 9.429 GC heap after
{Heap after GC invocations=7 (full 0):
 garbage-first heap   total 88064K, used 26278K [0x0000000080000000, 0x0000000100000000)
  region size 1024K, 6 young (6144K), 6 survivors (6144K)
 Metaspace       used 34984K, committed 35904K, reserved 1114112K
  class space    used 4672K, committed 5120K, reserved 1048576K
}
Event: 9.454 GC heap before
{Heap before GC invocations=7 (full 0):
 garbage-first heap   total 88064K, used 28326K [0x0000000080000000, 0x0000000100000000)
  region size 1024K, 9 young (9216K), 6 survivors (6144K)
 Metaspace       used 35215K, committed 36096K, reserved 1114112K
  class space    used 4714K, committed 5120K, reserved 1048576K
}
Event: 9.457 GC heap after
{Heap after GC invocations=8 (full 0):
 garbage-first heap   total 88064K, used 26599K [0x0000000080000000, 0x0000000100000000)
  region size 1024K, 3 young (3072K), 3 survivors (3072K)
 Metaspace       used 35215K, committed 36096K, reserved 1114112K
  class space    used 4714K, committed 5120K, reserved 1048576K
}
Event: 9.930 GC heap before
{Heap before GC invocations=9 (full 0):
 garbage-first heap   total 88064K, used 71655K [0x0000000080000000, 0x0000000100000000)
  region size 1024K, 47 young (48128K), 3 survivors (3072K)
 Metaspace       used 41698K, committed 42880K, reserved 1114112K
  class space    used 5666K, committed 6208K, reserved 1048576K
}
Event: 9.933 GC heap after
{Heap after GC invocations=10 (full 0):
 garbage-first heap   total 88064K, used 29628K [0x0000000080000000, 0x0000000100000000)
  region size 1024K, 6 young (6144K), 6 survivors (6144K)
 Metaspace       used 41698K, committed 42880K, reserved 1114112K
  class space    used 5666K, committed 6208K, reserved 1048576K
}
Event: 10.316 GC heap before
{Heap before GC invocations=10 (full 0):
 garbage-first heap   total 88064K, used 73660K [0x0000000080000000, 0x0000000100000000)
  region size 1024K, 49 young (50176K), 6 survivors (6144K)
 Metaspace       used 47470K, committed 48768K, reserved 1114112K
  class space    used 6381K, committed 7040K, reserved 1048576K
}
Event: 10.321 GC heap after
{Heap after GC invocations=11 (full 0):
 garbage-first heap   total 88064K, used 33397K [0x0000000080000000, 0x0000000100000000)
  region size 1024K, 7 young (7168K), 7 survivors (7168K)
 Metaspace       used 47470K, committed 48768K, reserved 1114112K
  class space    used 6381K, committed 7040K, reserved 1048576K
}
Event: 10.705 GC heap before
{Heap before GC invocations=11 (full 0):
 garbage-first heap   total 88064K, used 79477K [0x0000000080000000, 0x0000000100000000)
  region size 1024K, 48 young (49152K), 7 survivors (7168K)
 Metaspace       used 51436K, committed 52800K, reserved 1114112K
  class space    used 6873K, committed 7552K, reserved 1048576K
}
Event: 10.710 GC heap after
{Heap after GC invocations=12 (full 0):
 garbage-first heap   total 112640K, used 37645K [0x0000000080000000, 0x0000000100000000)
  region size 1024K, 5 young (5120K), 5 survivors (5120K)
 Metaspace       used 51436K, committed 52800K, reserved 1114112K
  class space    used 6873K, committed 7552K, reserved 1048576K
}
Event: 11.317 GC heap before
{Heap before GC invocations=12 (full 0):
 garbage-first heap   total 112640K, used 89869K [0x0000000080000000, 0x0000000100000000)
  region size 1024K, 56 young (57344K), 5 survivors (5120K)
 Metaspace       used 58940K, committed 60416K, reserved 1114112K
  class space    used 7967K, committed 8704K, reserved 1048576K
}
Event: 11.321 GC heap after
{Heap after GC invocations=13 (full 0):
 garbage-first heap   total 112640K, used 41380K [0x0000000080000000, 0x0000000100000000)
  region size 1024K, 7 young (7168K), 7 survivors (7168K)
 Metaspace       used 58940K, committed 60416K, reserved 1114112K
  class space    used 7967K, committed 8704K, reserved 1048576K
}

